# JRE version: OpenJDK Runtime Environment Temurin-11.0.12+7 (11.0.12+7) (build 11.0.12+7)
# Java VM: OpenJDK 64-Bit Server VM Temurin-11.0.12+7 (11.0.12+7, mixed mode, tiered, compressed oops, parallel gc, windows-amd64)
Heap:
 PSYoungGen      total 22528K, used 0K [0x00000000eab00000, 0x00000000ec400000, 0x0000000100000000)
  eden space 22016K, 0% used [0x00000000eab00000,0x00000000eab00000,0x00000000ec080000)
  from space 512K, 0% used [0x00000000ec180000,0x00000000ec180000,0x00000000ec200000)
  to   space 1024K, 0% used [0x00000000ec300000,0x00000000ec300000,0x00000000ec400000)
 ParOldGen       total 68608K, used 24732K [0x00000000c0000000, 0x00000000c4300000, 0x00000000eab00000)
  object space 68608K, 36% used [0x00000000c0000000,0x00000000c1827330,0x00000000c4300000)
 Metaspace       used 33262K, capacity 35249K, committed 35416K, reserved 1081344K
  class space    used 3146K, capacity 3881K, committed 3968K, reserved 1048576K
GC Heap History (20 events):
Event: 7.811 GC heap before
{Heap before GC invocations=8 (full 1):
 PSYoungGen      total 26624K, used 26619K [0x00000000eab00000, 0x00000000eca00000, 0x0000000100000000)
  eden space 24064K, 100% used [0x00000000eab00000,0x00000000ec280000,0x00000000ec280000)
  from space 2560K, 99% used [0x00000000ec600000,0x00000000ec87ec98,0x00000000ec880000)
  to   space 3584K, 0% used [0x00000000ec280000,0x00000000ec280000,0x00000000ec600000)
 ParOldGen       total 68608K, used 6499K [0x00000000c0000000, 0x00000000c4300000, 0x00000000eab00000)
  object space 68608K, 9% used [0x00000000c0000000,0x00000000c0658c28,0x00000000c4300000)
 Metaspace       used 30769K, capacity 32763K, committed 32896K, reserved 1079296K
  class space    used 2949K, capacity 3670K, committed 3712K, reserved 1048576K
}
Event: 7.817 GC heap after
{Heap after GC invocations=8 (full 1):
 PSYoungGen      total 27136K, used 3571K [0x00000000eab00000, 0x00000000ecc00000, 0x0000000100000000)
  eden space 23552K, 0% used [0x00000000eab00000,0x00000000eab00000,0x00000000ec200000)
  from space 3584K, 99% used [0x00000000ec280000,0x00000000ec5fce08,0x00000000ec600000)
  to   space 5120K, 0% used [0x00000000ec700000,0x00000000ec700000,0x00000000ecc00000)
 ParOldGen       total 68608K, used 7251K [0x00000000c0000000, 0x00000000c4300000, 0x00000000eab00000)
  object space 68608K, 10% used [0x00000000c0000000,0x00000000c0714c38,0x00000000c4300000)
 Metaspace       used 30769K, capacity 32763K, committed 32896K, reserved 1079296K
  class space    used 2949K, capacity 3670K, committed 3712K, reserved 1048576K
}
Event: 7.966 GC heap before
{Heap before GC invocations=9 (full 1):
 PSYoungGen      total 27136K, used 27123K [0x00000000eab00000, 0x00000000ecc00000, 0x0000000100000000)
  eden space 23552K, 100% used [0x00000000eab00000,0x00000000ec200000,0x00000000ec200000)
  from space 3584K, 99% used [0x00000000ec280000,0x00000000ec5fce08,0x00000000ec600000)
  to   space 5120K, 0% used [0x00000000ec700000,0x00000000ec700000,0x00000000ecc00000)
 ParOldGen       total 68608K, used 7251K [0x00000000c0000000, 0x00000000c4300000, 0x00000000eab00000)
  object space 68608K, 10% used [0x00000000c0000000,0x00000000c0714c38,0x00000000c4300000)
 Metaspace       used 31106K, capacity 33081K, committed 33152K, reserved 1079296K
  class space    used 2994K, capacity 3712K, committed 3712K, reserved 1048576K
}
Event: 7.973 GC heap after
{Heap after GC invocations=9 (full 1):
 PSYoungGen      total 27648K, used 5114K [0x00000000eab00000, 0x00000000ecd80000, 0x0000000100000000)
  eden space 22528K, 0% used [0x00000000eab00000,0x00000000eab00000,0x00000000ec100000)
  from space 5120K, 99% used [0x00000000ec700000,0x00000000ecbfe920,0x00000000ecc00000)
  to   space 6144K, 0% used [0x00000000ec100000,0x00000000ec100000,0x00000000ec700000)
 ParOldGen       total 68608K, used 7627K [0x00000000c0000000, 0x00000000c4300000, 0x00000000eab00000)
  object space 68608K, 11% used [0x00000000c0000000,0x00000000c0772c38,0x00000000c4300000)
 Metaspace       used 31106K, capacity 33081K, committed 33152K, reserved 1079296K
  class space    used 2994K, capacity 3712K, committed 3712K, reserved 1048576K
}
Event: 8.066 GC heap before
{Heap before GC invocations=10 (full 1):
 PSYoungGen      total 27648K, used 27642K [0x00000000eab00000, 0x00000000ecd80000, 0x0000000100000000)
  eden space 22528K, 100% used [0x00000000eab00000,0x00000000ec100000,0x00000000ec100000)
  from space 5120K, 99% used [0x00000000ec700000,0x00000000ecbfe920,0x00000000ecc00000)
  to   space 6144K, 0% used [0x00000000ec100000,0x00000000ec100000,0x00000000ec700000)
 ParOldGen       total 68608K, used 7627K [0x00000000c0000000, 0x00000000c4300000, 0x00000000eab00000)
  object space 68608K, 11% used [0x00000000c0000000,0x00000000c0772c38,0x00000000c4300000)
 Metaspace       used 31146K, capacity 33145K, committed 33152K, reserved 1079296K
  class space    used 2996K, capacity 3712K, committed 3712K, reserved 1048576K
}
Event: 8.075 GC heap after
{Heap after GC invocations=10 (full 1):
 PSYoungGen      total 27136K, used 5024K [0x00000000eab00000, 0x00000000ecb80000, 0x0000000100000000)
  eden space 22016K, 0% used [0x00000000eab00000,0x00000000eab00000,0x00000000ec080000)
  from space 5120K, 98% used [0x00000000ec100000,0x00000000ec5e8100,0x00000000ec600000)
  to   space 5632K, 0% used [0x00000000ec600000,0x00000000ec600000,0x00000000ecb80000)
 ParOldGen       total 68608K, used 9672K [0x00000000c0000000, 0x00000000c4300000, 0x00000000eab00000)
  object space 68608K, 14% used [0x00000000c0000000,0x00000000c0972148,0x00000000c4300000)
 Metaspace       used 31146K, capacity 33145K, committed 33152K, reserved 1079296K
  class space    used 2996K, capacity 3712K, committed 3712K, reserved 1048576K
}
Event: 8.155 GC heap before
{Heap before GC invocations=11 (full 1):
 PSYoungGen      total 27136K, used 27040K [0x00000000eab00000, 0x00000000ecb80000, 0x0000000100000000)
  eden space 22016K, 100% used [0x00000000eab00000,0x00000000ec080000,0x00000000ec080000)
  from space 5120K, 98% used [0x00000000ec100000,0x00000000ec5e8100,0x00000000ec600000)
  to   space 5632K, 0% used [0x00000000ec600000,0x00000000ec600000,0x00000000ecb80000)
 ParOldGen       total 68608K, used 9672K [0x00000000c0000000, 0x00000000c4300000, 0x00000000eab00000)
  object space 68608K, 14% used [0x00000000c0000000,0x00000000c0972148,0x00000000c4300000)
 Metaspace       used 31242K, capacity 33209K, committed 33408K, reserved 1079296K
  class space    used 3000K, capacity 3712K, committed 3712K, reserved 1048576K
}
Event: 8.164 GC heap after
{Heap after GC invocations=11 (full 1):
 PSYoungGen      total 26624K, used 4114K [0x00000000eab00000, 0x00000000eca80000, 0x0000000100000000)
  eden space 22016K, 0% used [0x00000000eab00000,0x00000000eab00000,0x00000000ec080000)
  from space 4608K, 89% used [0x00000000ec600000,0x00000000eca04b28,0x00000000eca80000)
  to   space 4608K, 0% used [0x00000000ec180000,0x00000000ec180000,0x00000000ec600000)
 ParOldGen       total 68608K, used 12663K [0x00000000c0000000, 0x00000000c4300000, 0x00000000eab00000)
  object space 68608K, 18% used [0x00000000c0000000,0x00000000c0c5dd18,0x00000000c4300000)
 Metaspace       used 31242K, capacity 33209K, committed 33408K, reserved 1079296K
  class space    used 3000K, capacity 3712K, committed 3712K, reserved 1048576K
}
Event: 8.234 GC heap before
{Heap before GC invocations=12 (full 1):
 PSYoungGen      total 26624K, used 26130K [0x00000000eab00000, 0x00000000eca80000, 0x0000000100000000)
  eden space 22016K, 100% used [0x00000000eab00000,0x00000000ec080000,0x00000000ec080000)
  from space 4608K, 89% used [0x00000000ec600000,0x00000000eca04b28,0x00000000eca80000)
  to   space 4608K, 0% used [0x00000000ec180000,0x00000000ec180000,0x00000000ec600000)
 ParOldGen       total 68608K, used 12663K [0x00000000c0000000, 0x00000000c4300000, 0x00000000eab00000)
  object space 68608K, 18% used [0x00000000c0000000,0x00000000c0c5dd18,0x00000000c4300000)
 Metaspace       used 31326K, capacity 33273K, committed 33408K, reserved 1079296K
  class space    used 3009K, capacity 3712K, committed 3712K, reserved 1048576K
}
Event: 8.241 GC heap after
{Heap after GC invocations=12 (full 1):
 PSYoungGen      total 25088K, used 2624K [0x00000000eab00000, 0x00000000ec780000, 0x0000000100000000)
  eden space 22016K, 0% used [0x00000000eab00000,0x00000000eab00000,0x00000000ec080000)
  from space 3072K, 85% used [0x00000000ec180000,0x00000000ec410010,0x00000000ec480000)
  to   space 3072K, 0% used [0x00000000ec480000,0x00000000ec480000,0x00000000ec780000)
 ParOldGen       total 68608K, used 16666K [0x00000000c0000000, 0x00000000c4300000, 0x00000000eab00000)
  object space 68608K, 24% used [0x00000000c0000000,0x00000000c1046840,0x00000000c4300000)
 Metaspace       used 31326K, capacity 33273K, committed 33408K, reserved 1079296K
  class space    used 3009K, capacity 3712K, committed 3712K, reserved 1048576K
}
Event: 8.309 GC heap before
{Heap before GC invocations=13 (full 1):
 PSYoungGen      total 25088K, used 24640K [0x00000000eab00000, 0x00000000ec780000, 0x0000000100000000)
  eden space 22016K, 100% used [0x00000000eab00000,0x00000000ec080000,0x00000000ec080000)
  from space 3072K, 85% used [0x00000000ec180000,0x00000000ec410010,0x00000000ec480000)
  to   space 3072K, 0% used [0x00000000ec480000,0x00000000ec480000,0x00000000ec780000)
 ParOldGen       total 68608K, used 16666K [0x00000000c0000000, 0x00000000c4300000, 0x00000000eab00000)
  object space 68608K, 24% used [0x00000000c0000000,0x00000000c1046840,0x00000000c4300000)
 Metaspace       used 31326K, capacity 33273K, committed 33408K, reserved 1079296K
  class space    used 3009K, capacity 3712K, committed 3712K, reserved 1048576K
}
Event: 8.315 GC heap after
{Heap after GC invocations=13 (full 1):
 PSYoungGen      total 25088K, used 2592K [0x00000000eab00000, 0x00000000ec780000, 0x0000000100000000)
  eden space 22016K, 0% used [0x00000000eab00000,0x00000000eab00000,0x00000000ec080000)
  from space 3072K, 84% used [0x00000000ec480000,0x00000000ec708010,0x00000000ec780000)
  to   space 3072K, 0% used [0x00000000ec180000,0x00000000ec180000,0x00000000ec480000)
 ParOldGen       total 68608K, used 19242K [0x00000000c0000000, 0x00000000c4300000, 0x00000000eab00000)
  object space 68608K, 28% used [0x00000000c0000000,0x00000000c12ca8e8,0x00000000c4300000)
 Metaspace       used 31326K, capacity 33273K, committed 33408K, reserved 1079296K
  class space    used 3009K, capacity 3712K, committed 3712K, reserved 1048576K
}
Event: 8.392 GC heap before
{Heap before GC invocations=14 (full 1):
 PSYoungGen      total 25088K, used 24608K [0x00000000eab00000, 0x00000000ec780000, 0x0000000100000000)
  eden space 22016K, 100% used [0x00000000eab00000,0x00000000ec080000,0x00000000ec080000)
  from space 3072K, 84% used [0x00000000ec480000,0x00000000ec708010,0x00000000ec780000)
  to   space 3072K, 0% used [0x00000000ec180000,0x00000000ec180000,0x00000000ec480000)
 ParOldGen       total 68608K, used 19242K [0x00000000c0000000, 0x00000000c4300000, 0x00000000eab00000)
  object space 68608K, 28% used [0x00000000c0000000,0x00000000c12ca8e8,0x00000000c4300000)
 Metaspace       used 31326K, capacity 33273K, committed 33408K, reserved 1079296K
  class space    used 3009K, capacity 3712K, committed 3712K, reserved 1048576K
}
Event: 8.398 GC heap after
{Heap after GC invocations=14 (full 1):
 PSYoungGen      total 24064K, used 2048K [0x00000000eab00000, 0x00000000ec580000, 0x0000000100000000)
  eden space 22016K, 0% used [0x00000000eab00000,0x00000000eab00000,0x00000000ec080000)
  from space 2048K, 100% used [0x00000000ec180000,0x00000000ec380000,0x00000000ec380000)
  to   space 2048K, 0% used [0x00000000ec380000,0x00000000ec380000,0x00000000ec580000)
 ParOldGen       total 68608K, used 21728K [0x00000000c0000000, 0x00000000c4300000, 0x00000000eab00000)
  object space 68608K, 31% used [0x00000000c0000000,0x00000000c1538178,0x00000000c4300000)
 Metaspace       used 31326K, capacity 33273K, committed 33408K, reserved 1079296K
  class space    used 3009K, capacity 3712K, committed 3712K, reserved 1048576K
}
Event: 8.874 GC heap before
{Heap before GC invocations=15 (full 1):
 PSYoungGen      total 24064K, used 24063K [0x00000000eab00000, 0x00000000ec580000, 0x0000000100000000)
  eden space 22016K, 99% used [0x00000000eab00000,0x00000000ec07ffd8,0x00000000ec080000)
  from space 2048K, 100% used [0x00000000ec180000,0x00000000ec380000,0x00000000ec380000)
  to   space 2048K, 0% used [0x00000000ec380000,0x00000000ec380000,0x00000000ec580000)
 ParOldGen       total 68608K, used 21728K [0x00000000c0000000, 0x00000000c4300000, 0x00000000eab00000)
  object space 68608K, 31% used [0x00000000c0000000,0x00000000c1538178,0x00000000c4300000)
 Metaspace       used 32916K, capacity 34897K, committed 35200K, reserved 1081344K
  class space    used 3109K, capacity 3849K, committed 3968K, reserved 1048576K
}
Event: 8.879 GC heap after
{Heap after GC invocations=15 (full 1):
 PSYoungGen      total 24064K, used 1790K [0x00000000eab00000, 0x00000000ec580000, 0x0000000100000000)
  eden space 22016K, 0% used [0x00000000eab00000,0x00000000eab00000,0x00000000ec080000)
  from space 2048K, 87% used [0x00000000ec380000,0x00000000ec53f830,0x00000000ec580000)
  to   space 2048K, 0% used [0x00000000ec180000,0x00000000ec180000,0x00000000ec380000)
 ParOldGen       total 68608K, used 23717K [0x00000000c0000000, 0x00000000c4300000, 0x00000000eab00000)
  object space 68608K, 34% used [0x00000000c0000000,0x00000000c17294d0,0x00000000c4300000)
 Metaspace       used 32916K, capacity 34897K, committed 35200K, reserved 1081344K
  class space    used 3109K, capacity 3849K, committed 3968K, reserved 1048576K
}
Event: 8.911 GC heap before
{Heap before GC invocations=16 (full 1):
 PSYoungGen      total 24064K, used 3922K [0x00000000eab00000, 0x00000000ec580000, 0x0000000100000000)
  eden space 22016K, 9% used [0x00000000eab00000,0x00000000ead152b8,0x00000000ec080000)
  from space 2048K, 87% used [0x00000000ec380000,0x00000000ec53f830,0x00000000ec580000)
  to   space 2048K, 0% used [0x00000000ec180000,0x00000000ec180000,0x00000000ec380000)
 ParOldGen       total 68608K, used 23717K [0x00000000c0000000, 0x00000000c4300000, 0x00000000eab00000)
  object space 68608K, 34% used [0x00000000c0000000,0x00000000c17294d0,0x00000000c4300000)
 Metaspace       used 33262K, capacity 35249K, committed 35416K, reserved 1081344K
  class space    used 3146K, capacity 3881K, committed 3968K, reserved 1048576K
}
Event: 8.915 GC heap after
{Heap after GC invocations=16 (full 1):
 PSYoungGen      total 22528K, used 96K [0x00000000eab00000, 0x00000000ec400000, 0x0000000100000000)
  eden space 22016K, 0% used [0x00000000eab00000,0x00000000eab00000,0x00000000ec080000)
  from space 512K, 18% used [0x00000000ec180000,0x00000000ec198000,0x00000000ec200000)
  to   space 1024K, 0% used [0x00000000ec300000,0x00000000ec300000,0x00000000ec400000)
 ParOldGen       total 68608K, used 25328K [0x00000000c0000000, 0x00000000c4300000, 0x00000000eab00000)
  object space 68608K, 36% used [0x00000000c0000000,0x00000000c18bc0e8,0x00000000c4300000)
 Metaspace       used 33262K, capacity 35249K, committed 35416K, reserved 1081344K
  class space    used 3146K, capacity 3881K, committed 3968K, reserved 1048576K
}
Event: 8.915 GC heap before
{Heap before GC invocations=17 (full 2):
 PSYoungGen      total 22528K, used 96K [0x00000000eab00000, 0x00000000ec400000, 0x0000000100000000)
  eden space 22016K, 0% used [0x00000000eab00000,0x00000000eab00000,0x00000000ec080000)
  from space 512K, 18% used [0x00000000ec180000,0x00000000ec198000,0x00000000ec200000)
  to   space 1024K, 0% used [0x00000000ec300000,0x00000000ec300000,0x00000000ec400000)
 ParOldGen       total 68608K, used 25328K [0x00000000c0000000, 0x00000000c4300000, 0x00000000eab00000)
  object space 68608K, 36% used [0x00000000c0000000,0x00000000c18bc0e8,0x00000000c4300000)
 Metaspace       used 33262K, capacity 35249K, committed 35416K, reserved 1081344K
  class space    used 3146K, capacity 3881K, committed 3968K, reserved 1048576K
}
Event: 9.098 GC heap after
{Heap after GC invocations=17 (full 2):
 PSYoungGen      total 22528K, used 0K [0x00000000eab00000, 0x00000000ec400000, 0x0000000100000000)
  eden space 22016K, 0% used [0x00000000eab00000,0x00000000eab00000,0x00000000ec080000)
  from space 512K, 0% used [0x00000000ec180000,0x00000000ec180000,0x00000000ec200000)
  to   space 1024K, 0% used [0x00000000ec300000,0x00000000ec300000,0x00000000ec400000)
 ParOldGen       total 68608K, used 24732K [0x00000000c0000000, 0x00000000c4300000, 0x00000000eab00000)
  object space 68608K, 36% used [0x00000000c0000000,0x00000000c1827330,0x00000000c4300000)
 Metaspace       used 33262K, capacity 35249K, committed 35416K, reserved 1081344K
  class space    used 3146K, capacity 3881K, committed 3968K, reserved 1048576K
}

